mode: set
sirclo/project/capstone/delivery/controllers/request/request.go:20.79,22.2 1 1
sirclo/project/capstone/delivery/controllers/request/request.go:25.70,26.36 1 1
sirclo/project/capstone/delivery/controllers/request/request.go:26.36,28.32 2 1
sirclo/project/capstone/delivery/controllers/request/request.go:33.3,34.45 2 1
sirclo/project/capstone/delivery/controllers/request/request.go:39.3,41.18 2 1
sirclo/project/capstone/delivery/controllers/request/request.go:52.3,52.18 1 1
sirclo/project/capstone/delivery/controllers/request/request.go:63.3,64.17 2 1
sirclo/project/capstone/delivery/controllers/request/request.go:68.3,68.102 1 1
sirclo/project/capstone/delivery/controllers/request/request.go:28.32,30.4 1 1
sirclo/project/capstone/delivery/controllers/request/request.go:34.45,37.4 2 1
sirclo/project/capstone/delivery/controllers/request/request.go:41.18,50.4 2 1
sirclo/project/capstone/delivery/controllers/request/request.go:52.18,60.4 1 1
sirclo/project/capstone/delivery/controllers/request/request.go:64.17,67.4 2 1
sirclo/project/capstone/delivery/controllers/request/request.go:73.73,74.36 1 1
sirclo/project/capstone/delivery/controllers/request/request.go:74.36,76.17 2 1
sirclo/project/capstone/delivery/controllers/request/request.go:81.3,82.17 2 1
sirclo/project/capstone/delivery/controllers/request/request.go:86.3,87.17 2 1
sirclo/project/capstone/delivery/controllers/request/request.go:90.3,90.99 1 1
sirclo/project/capstone/delivery/controllers/request/request.go:76.17,78.4 1 1
sirclo/project/capstone/delivery/controllers/request/request.go:82.17,84.4 1 1
sirclo/project/capstone/delivery/controllers/request/request.go:87.17,89.4 1 1
sirclo/project/capstone/delivery/controllers/request/request.go:95.68,96.36 1 1
sirclo/project/capstone/delivery/controllers/request/request.go:96.36,98.17 2 1
sirclo/project/capstone/delivery/controllers/request/request.go:103.3,104.21 2 1
sirclo/project/capstone/delivery/controllers/request/request.go:109.3,111.50 2 1
sirclo/project/capstone/delivery/controllers/request/request.go:133.3,133.17 1 1
sirclo/project/capstone/delivery/controllers/request/request.go:162.3,163.23 2 1
sirclo/project/capstone/delivery/controllers/request/request.go:168.3,168.29 1 1
sirclo/project/capstone/delivery/controllers/request/request.go:180.3,180.29 1 1
sirclo/project/capstone/delivery/controllers/request/request.go:192.3,192.102 1 1
sirclo/project/capstone/delivery/controllers/request/request.go:98.17,100.4 1 1
sirclo/project/capstone/delivery/controllers/request/request.go:104.21,106.4 1 1
sirclo/project/capstone/delivery/controllers/request/request.go:111.50,113.4 1 1
sirclo/project/capstone/delivery/controllers/request/request.go:135.10,136.30 1 1
sirclo/project/capstone/delivery/controllers/request/request.go:146.10,147.30 1 1
sirclo/project/capstone/delivery/controllers/request/request.go:151.10,152.30 1 1
sirclo/project/capstone/delivery/controllers/request/request.go:157.11,158.116 1 0
sirclo/project/capstone/delivery/controllers/request/request.go:136.30,137.31 1 1
sirclo/project/capstone/delivery/controllers/request/request.go:137.31,138.32 1 1
sirclo/project/capstone/delivery/controllers/request/request.go:138.32,139.33 1 1
sirclo/project/capstone/delivery/controllers/request/request.go:139.33,141.8 1 1
sirclo/project/capstone/delivery/controllers/request/request.go:147.30,149.5 1 1
sirclo/project/capstone/delivery/controllers/request/request.go:152.30,153.31 1 1
sirclo/project/capstone/delivery/controllers/request/request.go:153.31,155.6 1 1
sirclo/project/capstone/delivery/controllers/request/request.go:163.23,165.4 1 0
sirclo/project/capstone/delivery/controllers/request/request.go:168.29,171.36 2 0
sirclo/project/capstone/delivery/controllers/request/request.go:171.36,174.19 3 0
sirclo/project/capstone/delivery/controllers/request/request.go:174.19,176.6 1 0
sirclo/project/capstone/delivery/controllers/request/request.go:180.29,183.59 2 0
sirclo/project/capstone/delivery/controllers/request/request.go:183.59,186.19 3 0
sirclo/project/capstone/delivery/controllers/request/request.go:186.19,188.6 1 0
sirclo/project/capstone/delivery/controllers/request/request.go:197.71,198.36 1 1
sirclo/project/capstone/delivery/controllers/request/request.go:198.36,200.17 2 1
sirclo/project/capstone/delivery/controllers/request/request.go:204.3,211.17 7 1
sirclo/project/capstone/delivery/controllers/request/request.go:215.3,216.17 2 1
sirclo/project/capstone/delivery/controllers/request/request.go:220.3,222.17 3 1
sirclo/project/capstone/delivery/controllers/request/request.go:241.3,241.17 1 1
sirclo/project/capstone/delivery/controllers/request/request.go:244.3,247.6 1 1
sirclo/project/capstone/delivery/controllers/request/request.go:200.17,202.4 1 1
sirclo/project/capstone/delivery/controllers/request/request.go:211.17,213.4 1 1
sirclo/project/capstone/delivery/controllers/request/request.go:216.17,218.4 1 1
sirclo/project/capstone/delivery/controllers/request/request.go:223.10,225.17 2 1
sirclo/project/capstone/delivery/controllers/request/request.go:229.10,231.17 2 1
sirclo/project/capstone/delivery/controllers/request/request.go:225.17,228.5 2 1
sirclo/project/capstone/delivery/controllers/request/request.go:231.17,234.40 2 1
sirclo/project/capstone/delivery/controllers/request/request.go:234.40,236.6 1 1
sirclo/project/capstone/delivery/controllers/request/request.go:236.11,238.6 1 0
sirclo/project/capstone/delivery/controllers/request/request.go:241.17,243.4 1 1
sirclo/project/capstone/delivery/controllers/request/request.go:252.77,253.36 1 1
sirclo/project/capstone/delivery/controllers/request/request.go:253.36,255.17 2 1
sirclo/project/capstone/delivery/controllers/request/request.go:259.3,263.17 4 1
sirclo/project/capstone/delivery/controllers/request/request.go:267.3,268.17 2 1
sirclo/project/capstone/delivery/controllers/request/request.go:272.3,273.17 2 1
sirclo/project/capstone/delivery/controllers/request/request.go:277.3,278.16 2 1
sirclo/project/capstone/delivery/controllers/request/request.go:287.3,290.6 1 1
sirclo/project/capstone/delivery/controllers/request/request.go:255.17,257.4 1 1
sirclo/project/capstone/delivery/controllers/request/request.go:263.17,265.4 1 1
sirclo/project/capstone/delivery/controllers/request/request.go:268.17,270.4 1 1
sirclo/project/capstone/delivery/controllers/request/request.go:273.17,275.4 1 1
sirclo/project/capstone/delivery/controllers/request/request.go:278.16,281.39 2 1
sirclo/project/capstone/delivery/controllers/request/request.go:281.39,283.5 1 1
sirclo/project/capstone/delivery/controllers/request/request.go:283.10,285.5 1 0
sirclo/project/capstone/delivery/controllers/request/request.go:295.76,296.36 1 1
sirclo/project/capstone/delivery/controllers/request/request.go:296.36,298.17 2 1
sirclo/project/capstone/delivery/controllers/request/request.go:302.3,306.17 4 1
sirclo/project/capstone/delivery/controllers/request/request.go:310.3,311.17 2 1
sirclo/project/capstone/delivery/controllers/request/request.go:315.3,316.17 2 1
sirclo/project/capstone/delivery/controllers/request/request.go:320.3,321.16 2 1
sirclo/project/capstone/delivery/controllers/request/request.go:330.3,333.6 1 1
sirclo/project/capstone/delivery/controllers/request/request.go:298.17,300.4 1 1
sirclo/project/capstone/delivery/controllers/request/request.go:306.17,308.4 1 1
sirclo/project/capstone/delivery/controllers/request/request.go:311.17,313.4 1 1
sirclo/project/capstone/delivery/controllers/request/request.go:316.17,318.4 1 1
sirclo/project/capstone/delivery/controllers/request/request.go:321.16,324.39 2 1
sirclo/project/capstone/delivery/controllers/request/request.go:324.39,326.5 1 1
sirclo/project/capstone/delivery/controllers/request/request.go:326.10,328.5 1 0
sirclo/project/capstone/delivery/controllers/user/user.go:22.64,24.2 1 1
sirclo/project/capstone/delivery/controllers/user/user.go:27.66,28.36 1 1
sirclo/project/capstone/delivery/controllers/user/user.go:28.36,31.46 2 1
sirclo/project/capstone/delivery/controllers/user/user.go:37.3,41.22 4 1
sirclo/project/capstone/delivery/controllers/user/user.go:46.3,54.35 2 1
sirclo/project/capstone/delivery/controllers/user/user.go:61.3,62.17 2 1
sirclo/project/capstone/delivery/controllers/user/user.go:67.3,67.99 1 1
sirclo/project/capstone/delivery/controllers/user/user.go:31.46,34.4 2 1
sirclo/project/capstone/delivery/controllers/user/user.go:41.22,44.4 2 0
sirclo/project/capstone/delivery/controllers/user/user.go:54.35,55.29 1 1
sirclo/project/capstone/delivery/controllers/user/user.go:55.29,57.5 1 1
sirclo/project/capstone/delivery/controllers/user/user.go:62.17,65.4 2 1
sirclo/project/capstone/delivery/controllers/user/user.go:72.63,73.36 1 1
sirclo/project/capstone/delivery/controllers/user/user.go:73.36,77.17 2 1
sirclo/project/capstone/delivery/controllers/user/user.go:81.3,82.17 2 1
sirclo/project/capstone/delivery/controllers/user/user.go:86.3,86.95 1 1
sirclo/project/capstone/delivery/controllers/user/user.go:77.17,79.4 1 1
sirclo/project/capstone/delivery/controllers/user/user.go:82.17,84.4 1 1
sirclo/project/capstone/delivery/controllers/user/user.go:91.64,92.36 1 1
sirclo/project/capstone/delivery/controllers/user/user.go:92.36,94.17 2 1
sirclo/project/capstone/delivery/controllers/user/user.go:97.3,97.100 1 1
sirclo/project/capstone/delivery/controllers/user/user.go:94.17,96.4 1 1
