mode: set
sirclo/project/capstone/delivery/controllers/request/request.go:20.79,22.2 1 1
sirclo/project/capstone/delivery/controllers/request/request.go:25.70,26.36 1 1
sirclo/project/capstone/delivery/controllers/request/request.go:26.36,28.32 2 1
sirclo/project/capstone/delivery/controllers/request/request.go:33.3,34.45 2 1
sirclo/project/capstone/delivery/controllers/request/request.go:39.3,41.18 2 1
sirclo/project/capstone/delivery/controllers/request/request.go:52.3,52.18 1 1
sirclo/project/capstone/delivery/controllers/request/request.go:63.3,64.17 2 1
sirclo/project/capstone/delivery/controllers/request/request.go:68.3,68.102 1 1
sirclo/project/capstone/delivery/controllers/request/request.go:28.32,30.4 1 1
sirclo/project/capstone/delivery/controllers/request/request.go:34.45,37.4 2 1
sirclo/project/capstone/delivery/controllers/request/request.go:41.18,50.4 2 1
sirclo/project/capstone/delivery/controllers/request/request.go:52.18,60.4 1 1
sirclo/project/capstone/delivery/controllers/request/request.go:64.17,67.4 2 1
sirclo/project/capstone/delivery/controllers/request/request.go:73.73,74.36 1 1
sirclo/project/capstone/delivery/controllers/request/request.go:74.36,76.17 2 1
sirclo/project/capstone/delivery/controllers/request/request.go:81.3,82.17 2 1
sirclo/project/capstone/delivery/controllers/request/request.go:86.3,87.17 2 1
sirclo/project/capstone/delivery/controllers/request/request.go:90.3,90.99 1 1
sirclo/project/capstone/delivery/controllers/request/request.go:76.17,78.4 1 1
sirclo/project/capstone/delivery/controllers/request/request.go:82.17,84.4 1 1
sirclo/project/capstone/delivery/controllers/request/request.go:87.17,89.4 1 1
sirclo/project/capstone/delivery/controllers/request/request.go:95.68,96.36 1 1
sirclo/project/capstone/delivery/controllers/request/request.go:96.36,98.17 2 1
sirclo/project/capstone/delivery/controllers/request/request.go:103.3,104.21 2 1
sirclo/project/capstone/delivery/controllers/request/request.go:109.3,111.50 2 1
sirclo/project/capstone/delivery/controllers/request/request.go:133.3,133.17 1 1
sirclo/project/capstone/delivery/controllers/request/request.go:160.3,161.23 2 1
sirclo/project/capstone/delivery/controllers/request/request.go:166.3,166.29 1 1
sirclo/project/capstone/delivery/controllers/request/request.go:178.3,178.29 1 1
sirclo/project/capstone/delivery/controllers/request/request.go:190.3,190.102 1 1
sirclo/project/capstone/delivery/controllers/request/request.go:98.17,100.4 1 1
sirclo/project/capstone/delivery/controllers/request/request.go:104.21,106.4 1 1
sirclo/project/capstone/delivery/controllers/request/request.go:111.50,113.4 1 1
sirclo/project/capstone/delivery/controllers/request/request.go:135.10,136.30 1 1
sirclo/project/capstone/delivery/controllers/request/request.go:146.10,147.30 1 1
sirclo/project/capstone/delivery/controllers/request/request.go:151.10,152.30 1 1
sirclo/project/capstone/delivery/controllers/request/request.go:136.30,137.31 1 1
sirclo/project/capstone/delivery/controllers/request/request.go:137.31,138.32 1 1
sirclo/project/capstone/delivery/controllers/request/request.go:138.32,139.33 1 1
sirclo/project/capstone/delivery/controllers/request/request.go:139.33,141.8 1 1
sirclo/project/capstone/delivery/controllers/request/request.go:147.30,149.5 1 1
sirclo/project/capstone/delivery/controllers/request/request.go:152.30,153.31 1 1
sirclo/project/capstone/delivery/controllers/request/request.go:153.31,155.6 1 1
sirclo/project/capstone/delivery/controllers/request/request.go:161.23,163.4 1 1
sirclo/project/capstone/delivery/controllers/request/request.go:166.29,169.36 2 0
sirclo/project/capstone/delivery/controllers/request/request.go:169.36,172.19 3 0
sirclo/project/capstone/delivery/controllers/request/request.go:172.19,174.6 1 0
sirclo/project/capstone/delivery/controllers/request/request.go:178.29,181.59 2 0
sirclo/project/capstone/delivery/controllers/request/request.go:181.59,184.19 3 0
sirclo/project/capstone/delivery/controllers/request/request.go:184.19,186.6 1 0
sirclo/project/capstone/delivery/controllers/request/request.go:195.71,196.36 1 1
sirclo/project/capstone/delivery/controllers/request/request.go:196.36,198.17 2 1
sirclo/project/capstone/delivery/controllers/request/request.go:202.3,209.17 7 1
sirclo/project/capstone/delivery/controllers/request/request.go:213.3,214.17 2 1
sirclo/project/capstone/delivery/controllers/request/request.go:218.3,220.17 3 1
sirclo/project/capstone/delivery/controllers/request/request.go:239.3,239.17 1 1
sirclo/project/capstone/delivery/controllers/request/request.go:242.3,245.6 1 1
sirclo/project/capstone/delivery/controllers/request/request.go:198.17,200.4 1 1
sirclo/project/capstone/delivery/controllers/request/request.go:209.17,211.4 1 1
sirclo/project/capstone/delivery/controllers/request/request.go:214.17,216.4 1 1
sirclo/project/capstone/delivery/controllers/request/request.go:221.10,223.17 2 1
sirclo/project/capstone/delivery/controllers/request/request.go:227.10,229.17 2 1
sirclo/project/capstone/delivery/controllers/request/request.go:223.17,226.5 2 1
sirclo/project/capstone/delivery/controllers/request/request.go:229.17,232.40 2 1
sirclo/project/capstone/delivery/controllers/request/request.go:232.40,234.6 1 1
sirclo/project/capstone/delivery/controllers/request/request.go:234.11,236.6 1 0
sirclo/project/capstone/delivery/controllers/request/request.go:239.17,241.4 1 1
sirclo/project/capstone/delivery/controllers/request/request.go:250.77,251.36 1 1
sirclo/project/capstone/delivery/controllers/request/request.go:251.36,253.17 2 1
sirclo/project/capstone/delivery/controllers/request/request.go:257.3,261.17 4 1
sirclo/project/capstone/delivery/controllers/request/request.go:265.3,266.17 2 1
sirclo/project/capstone/delivery/controllers/request/request.go:270.3,271.17 2 1
sirclo/project/capstone/delivery/controllers/request/request.go:275.3,276.16 2 1
sirclo/project/capstone/delivery/controllers/request/request.go:285.3,288.6 1 1
sirclo/project/capstone/delivery/controllers/request/request.go:253.17,255.4 1 1
sirclo/project/capstone/delivery/controllers/request/request.go:261.17,263.4 1 1
sirclo/project/capstone/delivery/controllers/request/request.go:266.17,268.4 1 1
sirclo/project/capstone/delivery/controllers/request/request.go:271.17,273.4 1 1
sirclo/project/capstone/delivery/controllers/request/request.go:276.16,279.39 2 1
sirclo/project/capstone/delivery/controllers/request/request.go:279.39,281.5 1 1
sirclo/project/capstone/delivery/controllers/request/request.go:281.10,283.5 1 0
sirclo/project/capstone/delivery/controllers/request/request.go:293.76,294.36 1 1
sirclo/project/capstone/delivery/controllers/request/request.go:294.36,296.17 2 1
sirclo/project/capstone/delivery/controllers/request/request.go:300.3,304.17 4 1
sirclo/project/capstone/delivery/controllers/request/request.go:308.3,309.17 2 1
sirclo/project/capstone/delivery/controllers/request/request.go:313.3,314.17 2 1
sirclo/project/capstone/delivery/controllers/request/request.go:318.3,319.16 2 1
sirclo/project/capstone/delivery/controllers/request/request.go:328.3,331.6 1 1
sirclo/project/capstone/delivery/controllers/request/request.go:296.17,298.4 1 1
sirclo/project/capstone/delivery/controllers/request/request.go:304.17,306.4 1 1
sirclo/project/capstone/delivery/controllers/request/request.go:309.17,311.4 1 1
sirclo/project/capstone/delivery/controllers/request/request.go:314.17,316.4 1 1
sirclo/project/capstone/delivery/controllers/request/request.go:319.16,322.39 2 1
sirclo/project/capstone/delivery/controllers/request/request.go:322.39,324.5 1 1
sirclo/project/capstone/delivery/controllers/request/request.go:324.10,326.5 1 0
sirclo/project/capstone/delivery/controllers/auth/auth.go:18.62,20.2 1 1
sirclo/project/capstone/delivery/controllers/auth/auth.go:22.66,23.36 1 1
sirclo/project/capstone/delivery/controllers/auth/auth.go:23.36,27.47 2 1
sirclo/project/capstone/delivery/controllers/auth/auth.go:30.3,33.21 3 1
sirclo/project/capstone/delivery/controllers/auth/auth.go:37.3,38.22 2 1
sirclo/project/capstone/delivery/controllers/auth/auth.go:44.3,45.17 2 1
sirclo/project/capstone/delivery/controllers/auth/auth.go:49.3,59.90 5 1
sirclo/project/capstone/delivery/controllers/auth/auth.go:27.47,29.4 1 1
sirclo/project/capstone/delivery/controllers/auth/auth.go:33.21,35.4 1 1
sirclo/project/capstone/delivery/controllers/auth/auth.go:38.22,41.4 2 1
sirclo/project/capstone/delivery/controllers/auth/auth.go:45.17,47.4 1 0
sirclo/project/capstone/delivery/controllers/user/user.go:22.64,24.2 1 1
sirclo/project/capstone/delivery/controllers/user/user.go:27.66,28.36 1 1
sirclo/project/capstone/delivery/controllers/user/user.go:28.36,31.46 2 1
sirclo/project/capstone/delivery/controllers/user/user.go:37.3,41.22 4 1
sirclo/project/capstone/delivery/controllers/user/user.go:46.3,54.35 2 1
sirclo/project/capstone/delivery/controllers/user/user.go:61.3,62.17 2 1
sirclo/project/capstone/delivery/controllers/user/user.go:67.3,67.99 1 1
sirclo/project/capstone/delivery/controllers/user/user.go:31.46,34.4 2 1
sirclo/project/capstone/delivery/controllers/user/user.go:41.22,44.4 2 0
sirclo/project/capstone/delivery/controllers/user/user.go:54.35,55.29 1 1
sirclo/project/capstone/delivery/controllers/user/user.go:55.29,57.5 1 1
sirclo/project/capstone/delivery/controllers/user/user.go:62.17,65.4 2 1
sirclo/project/capstone/delivery/controllers/user/user.go:72.63,73.36 1 1
sirclo/project/capstone/delivery/controllers/user/user.go:73.36,77.17 2 1
sirclo/project/capstone/delivery/controllers/user/user.go:81.3,82.17 2 1
sirclo/project/capstone/delivery/controllers/user/user.go:86.3,86.95 1 1
sirclo/project/capstone/delivery/controllers/user/user.go:77.17,79.4 1 1
sirclo/project/capstone/delivery/controllers/user/user.go:82.17,84.4 1 1
sirclo/project/capstone/delivery/controllers/user/user.go:91.64,92.36 1 1
sirclo/project/capstone/delivery/controllers/user/user.go:92.36,94.17 2 1
sirclo/project/capstone/delivery/controllers/user/user.go:97.3,97.100 1 1
sirclo/project/capstone/delivery/controllers/user/user.go:94.17,96.4 1 1
sirclo/project/capstone/delivery/controllers/asset/asset.go:24.69,26.2 1 1
sirclo/project/capstone/delivery/controllers/asset/asset.go:29.68,30.36 1 1
sirclo/project/capstone/delivery/controllers/asset/asset.go:30.36,33.32 2 1
sirclo/project/capstone/delivery/controllers/asset/asset.go:38.3,39.46 2 1
sirclo/project/capstone/delivery/controllers/asset/asset.go:46.3,48.17 3 1
sirclo/project/capstone/delivery/controllers/asset/asset.go:80.3,91.17 3 1
sirclo/project/capstone/delivery/controllers/asset/asset.go:96.3,96.100 1 1
sirclo/project/capstone/delivery/controllers/asset/asset.go:33.32,35.4 1 1
sirclo/project/capstone/delivery/controllers/asset/asset.go:39.46,42.4 2 0
sirclo/project/capstone/delivery/controllers/asset/asset.go:48.17,51.31 2 0
sirclo/project/capstone/delivery/controllers/asset/asset.go:51.31,54.19 2 0
sirclo/project/capstone/delivery/controllers/asset/asset.go:58.5,62.19 4 0
sirclo/project/capstone/delivery/controllers/asset/asset.go:66.5,68.19 3 0
sirclo/project/capstone/delivery/controllers/asset/asset.go:72.5,74.19 3 0
sirclo/project/capstone/delivery/controllers/asset/asset.go:54.19,57.6 2 0
sirclo/project/capstone/delivery/controllers/asset/asset.go:62.19,64.6 1 0
sirclo/project/capstone/delivery/controllers/asset/asset.go:68.19,70.6 1 0
sirclo/project/capstone/delivery/controllers/asset/asset.go:74.19,76.6 1 0
sirclo/project/capstone/delivery/controllers/asset/asset.go:91.17,94.4 2 0
sirclo/project/capstone/delivery/controllers/asset/asset.go:101.66,102.36 1 0
sirclo/project/capstone/delivery/controllers/asset/asset.go:102.36,111.17 7 0
sirclo/project/capstone/delivery/controllers/asset/asset.go:115.3,116.17 2 0
sirclo/project/capstone/delivery/controllers/asset/asset.go:120.3,121.17 2 0
sirclo/project/capstone/delivery/controllers/asset/asset.go:125.3,126.16 2 0
sirclo/project/capstone/delivery/controllers/asset/asset.go:134.3,137.6 1 0
sirclo/project/capstone/delivery/controllers/asset/asset.go:111.17,113.4 1 0
sirclo/project/capstone/delivery/controllers/asset/asset.go:116.17,118.4 1 0
sirclo/project/capstone/delivery/controllers/asset/asset.go:121.17,123.4 1 0
sirclo/project/capstone/delivery/controllers/asset/asset.go:126.16,128.40 2 0
sirclo/project/capstone/delivery/controllers/asset/asset.go:128.40,130.5 1 0
sirclo/project/capstone/delivery/controllers/asset/asset.go:130.10,132.5 1 0
sirclo/project/capstone/delivery/controllers/asset/asset.go:142.69,143.36 1 0
sirclo/project/capstone/delivery/controllers/asset/asset.go:143.36,146.17 2 0
sirclo/project/capstone/delivery/controllers/asset/asset.go:151.3,153.17 2 0
sirclo/project/capstone/delivery/controllers/asset/asset.go:157.3,158.17 2 0
sirclo/project/capstone/delivery/controllers/asset/asset.go:162.3,162.97 1 0
sirclo/project/capstone/delivery/controllers/asset/asset.go:146.17,148.4 1 0
sirclo/project/capstone/delivery/controllers/asset/asset.go:153.17,155.4 1 0
sirclo/project/capstone/delivery/controllers/asset/asset.go:158.17,160.4 1 0
sirclo/project/capstone/delivery/controllers/asset/asset.go:167.68,168.36 1 0
sirclo/project/capstone/delivery/controllers/asset/asset.go:168.36,171.32 2 0
sirclo/project/capstone/delivery/controllers/asset/asset.go:176.3,177.21 2 0
sirclo/project/capstone/delivery/controllers/asset/asset.go:182.3,183.48 2 0
sirclo/project/capstone/delivery/controllers/asset/asset.go:188.3,189.17 2 0
sirclo/project/capstone/delivery/controllers/asset/asset.go:196.3,199.17 4 0
sirclo/project/capstone/delivery/controllers/asset/asset.go:202.3,202.17 1 0
sirclo/project/capstone/delivery/controllers/asset/asset.go:233.3,233.22 1 0
sirclo/project/capstone/delivery/controllers/asset/asset.go:238.3,239.23 2 0
sirclo/project/capstone/delivery/controllers/asset/asset.go:244.3,244.100 1 0
sirclo/project/capstone/delivery/controllers/asset/asset.go:171.32,173.4 1 0
sirclo/project/capstone/delivery/controllers/asset/asset.go:177.21,179.4 1 0
sirclo/project/capstone/delivery/controllers/asset/asset.go:183.48,185.4 1 0
sirclo/project/capstone/delivery/controllers/asset/asset.go:189.17,192.4 2 0
sirclo/project/capstone/delivery/controllers/asset/asset.go:199.17,201.4 1 0
sirclo/project/capstone/delivery/controllers/asset/asset.go:202.17,205.31 2 0
sirclo/project/capstone/delivery/controllers/asset/asset.go:205.31,208.19 2 0
sirclo/project/capstone/delivery/controllers/asset/asset.go:212.5,216.19 4 0
sirclo/project/capstone/delivery/controllers/asset/asset.go:220.5,222.19 3 0
sirclo/project/capstone/delivery/controllers/asset/asset.go:226.5,228.19 3 0
sirclo/project/capstone/delivery/controllers/asset/asset.go:208.19,211.6 2 0
sirclo/project/capstone/delivery/controllers/asset/asset.go:216.19,218.6 1 0
sirclo/project/capstone/delivery/controllers/asset/asset.go:222.19,224.6 1 0
sirclo/project/capstone/delivery/controllers/asset/asset.go:228.19,230.6 1 0
sirclo/project/capstone/delivery/controllers/asset/asset.go:233.22,235.4 1 0
sirclo/project/capstone/delivery/controllers/asset/asset.go:239.23,242.4 2 0
sirclo/project/capstone/delivery/controllers/asset/asset.go:249.68,250.36 1 0
sirclo/project/capstone/delivery/controllers/asset/asset.go:250.36,253.32 2 0
sirclo/project/capstone/delivery/controllers/asset/asset.go:258.3,259.21 2 0
sirclo/project/capstone/delivery/controllers/asset/asset.go:264.3,265.23 2 0
sirclo/project/capstone/delivery/controllers/asset/asset.go:269.3,269.94 1 0
sirclo/project/capstone/delivery/controllers/asset/asset.go:253.32,255.4 1 0
sirclo/project/capstone/delivery/controllers/asset/asset.go:259.21,261.4 1 0
sirclo/project/capstone/delivery/controllers/asset/asset.go:265.23,267.4 1 0
sirclo/project/capstone/delivery/controllers/asset/asset.go:274.73,275.36 1 0
sirclo/project/capstone/delivery/controllers/asset/asset.go:275.36,278.17 2 0
sirclo/project/capstone/delivery/controllers/asset/asset.go:282.3,283.17 2 0
sirclo/project/capstone/delivery/controllers/asset/asset.go:287.3,287.108 1 0
sirclo/project/capstone/delivery/controllers/asset/asset.go:278.17,280.4 1 0
sirclo/project/capstone/delivery/controllers/asset/asset.go:283.17,286.4 2 0
sirclo/project/capstone/delivery/controllers/asset/asset.go:292.72,293.36 1 0
sirclo/project/capstone/delivery/controllers/asset/asset.go:293.36,296.17 2 0
sirclo/project/capstone/delivery/controllers/asset/asset.go:301.3,302.21 2 0
sirclo/project/capstone/delivery/controllers/asset/asset.go:307.3,311.17 4 0
sirclo/project/capstone/delivery/controllers/asset/asset.go:315.3,316.17 2 0
sirclo/project/capstone/delivery/controllers/asset/asset.go:320.3,321.17 2 0
sirclo/project/capstone/delivery/controllers/asset/asset.go:324.3,324.101 1 0
sirclo/project/capstone/delivery/controllers/asset/asset.go:296.17,298.4 1 0
sirclo/project/capstone/delivery/controllers/asset/asset.go:302.21,305.4 2 0
sirclo/project/capstone/delivery/controllers/asset/asset.go:311.17,313.4 1 0
sirclo/project/capstone/delivery/controllers/asset/asset.go:316.17,318.4 1 0
sirclo/project/capstone/delivery/controllers/asset/asset.go:321.17,323.4 1 0
sirclo/project/capstone/delivery/controllers/asset/asset.go:328.70,329.36 1 0
sirclo/project/capstone/delivery/controllers/asset/asset.go:329.36,331.17 2 0
sirclo/project/capstone/delivery/controllers/asset/asset.go:334.3,334.107 1 0
sirclo/project/capstone/delivery/controllers/asset/asset.go:331.17,333.4 1 0
